kotlin version: 2.2.21
error message: java.lang.RuntimeException: Exception while generating code for:
FUN name:Coach visibility:internal modality:FINAL returnType:kotlin.Unit
  VALUE_PARAMETER kind:Regular name:coordinates index:0 type:androidx.compose.ui.layout.LayoutCoordinates
  VALUE_PARAMETER kind:Regular name:content index:1 type:@[Composable] @[ExtensionFunctionType] kotlin.Function1<androidx.compose.foundation.layout.BoxWithConstraintsScope, kotlin.Unit>
  VALUE_PARAMETER kind:Regular name:coachStyle index:2 type:com.ruviapps.shared.composecoachmark.coachmark.core.CoachStyle
  VALUE_PARAMETER kind:Regular name:revealEffect index:3 type:com.ruviapps.shared.composecoachmark.coachmark.core.RevealEffect
  VALUE_PARAMETER kind:Regular name:alignment index:4 type:androidx.compose.ui.Alignment
  VALUE_PARAMETER kind:Regular name:isForcedAlignment index:5 type:kotlin.Boolean
  VALUE_PARAMETER kind:Regular name:isOutsideClickDismissable index:6 type:kotlin.Boolean
  VALUE_PARAMETER kind:Regular name:state index:7 type:com.ruviapps.shared.composecoachmark.coachmark.core.CoachMarkState
  annotations:
    Composable
  BLOCK_BODY
    VAR name:bounds type:androidx.compose.ui.geometry.Rect [val]
      CALL 'public final fun boundsInRoot (<this>: androidx.compose.ui.layout.LayoutCoordinates): androidx.compose.ui.geometry.Rect declared in androidx.compose.ui.layout.LayoutCoordinatesKt' type=androidx.compose.ui.geometry.Rect origin=null
        ARG <this>: GET_VAR 'coordinates: androidx.compose.ui.layout.LayoutCoordinates declared in com.ruviapps.shared.composecoachmark.coachmark.core.CoachKt.Coach' type=androidx.compose.ui.layout.LayoutCoordinates origin=null
    VAR name:scope type:kotlinx.coroutines.CoroutineScope [val]
      CALL 'public final fun rememberCoroutineScope$default (getContext: @[DisallowComposableCalls] kotlin.Function0<kotlin.coroutines.CoroutineContext>?, $mask0: kotlin.Int, $handler: kotlin.Any?): kotlinx.coroutines.CoroutineScope [inline] declared in androidx.compose.runtime.EffectsKt' type=kotlinx.coroutines.CoroutineScope origin=DEFAULT_DISPATCH_CALL
        ARG getContext: COMPOSITE type=@[DisallowComposableCalls] kotlin.Function0<kotlin.coroutines.CoroutineContext>? origin=DEFAULT_VALUE
          CONST Null type=@[DisallowComposableCalls] kotlin.Function0<kotlin.coroutines.CoroutineContext>? value=null
        ARG $mask0: CONST Int type=kotlin.Int value=1
        ARG $handler: CONST Null type=kotlin.Any? value=null
    VAR PROPERTY_DELEGATE name:targetBoundary$delegate type:androidx.compose.runtime.MutableState<androidx.compose.ui.geometry.Rect> [val]
      CALL 'public final fun remember <T> (calculation: @[DisallowComposableCalls] kotlin.Function0<T of androidx.compose.runtime.ComposablesKt.remember>): T of androidx.compose.runtime.ComposablesKt.remember [inline] declared in androidx.compose.runtime.ComposablesKt' type=androidx.compose.runtime.MutableState<androidx.compose.ui.geometry.Rect> origin=null
        TYPE_ARG T: androidx.compose.runtime.MutableState<androidx.compose.ui.geometry.Rect>
        ARG calculation: BLOCK type=kotlin.Function0<androidx.compose.runtime.MutableState<androidx.compose.ui.geometry.Rect>> origin=LAMBDA
          COMPOSITE type=kotlin.Unit origin=null
          FUNCTION_REFERENCE 'private final fun Coach$lambda$0 (): androidx.compose.runtime.MutableState<androidx.compose.ui.geometry.Rect> declared in com.ruviapps.shared.composecoachmark.coachmark.core.CoachKt' type=kotlin.Function0<androidx.compose.runtime.MutableState<androidx.compose.ui.geometry.Rect>> origin=INLINE_LAMBDA reflectionTarget=null
    VAR PROPERTY_DELEGATE name:scrimBoundary$delegate type:androidx.compose.runtime.MutableState<androidx.compose.ui.geometry.Rect> [val]
      CALL 'public final fun remember <T> (calculation: @[DisallowComposableCalls] kotlin.Function0<T of androidx.compose.runtime.ComposablesKt.remember>): T of androidx.compose.runtime.ComposablesKt.remember [inline] declared in androidx.compose.runtime.ComposablesKt' type=androidx.compose.runtime.MutableState<androidx.compose.ui.geometry.Rect> origin=null
        TYPE_ARG T: androidx.compose.runtime.MutableState<androidx.compose.ui.geometry.Rect>
        ARG calculation: BLOCK type=kotlin.Function0<androidx.compose.runtime.MutableState<androidx.compose.ui.geometry.Rect>> origin=LAMBDA
          COMPOSITE type=kotlin.Unit origin=null
          FUNCTION_REFERENCE 'private final fun Coach$lambda$3 (): androidx.compose.runtime.MutableState<androidx.compose.ui.geometry.Rect> declared in com.ruviapps.shared.composecoachmark.coachmark.core.CoachKt' type=kotlin.Function0<androidx.compose.runtime.MutableState<androidx.compose.ui.geometry.Rect>> origin=INLINE_LAMBDA reflectionTarget=null
    CALL 'public final fun LaunchedEffect (key1: kotlin.Any?, block: @[ExtensionFunctionType] kotlin.coroutines.SuspendFunction1<kotlinx.coroutines.CoroutineScope, kotlin.Unit>): kotlin.Unit declared in androidx.compose.runtime.EffectsKt' type=kotlin.Unit origin=null
      ARG key1: GET_VAR 'val bounds: androidx.compose.ui.geometry.Rect [val] declared in com.ruviapps.shared.composecoachmark.coachmark.core.CoachKt.Coach' type=androidx.compose.ui.geometry.Rect origin=null
      ARG block: BLOCK type=com.ruviapps.shared.composecoachmark.coachmark.core.CoachKt.Coach.<no name provided> origin=null
        CLASS SUSPEND_LAMBDA CLASS name:<no name provided> modality:FINAL visibility:public/*package*/ superTypes:[kotlin.coroutines.jvm.internal.SuspendLambda; kotlin.jvm.functions.Function2<kotlinx.coroutines.CoroutineScope, kotlin.coroutines.Continuation<kotlin.Unit>?, kotlin.Any?>]
          thisReceiver: VALUE_PARAMETER INSTANCE_RECEIVER kind:DispatchReceiver name:<this> type:com.ruviapps.shared.composecoachmark.coachmark.core.CoachKt.Coach.<no name provided>
          FIELD name:label type:kotlin.Int visibility:public/*package*/
          CONSTRUCTOR SUSPEND_LAMBDA visibility:public/*package*/ returnType:com.ruviapps.shared.composecoachmark.coachmark.core.CoachKt.Coach.<no name provided> [primary]
            VALUE_PARAMETER BOUND_VALUE_PARAMETER kind:Regular name:$revealEffect index:0 type:com.ruviapps.shared.composecoachmark.coachmark.core.RevealEffect
            VALUE_PARAMETER BOUND_VALUE_PARAMETER kind:Regular name:$bounds index:1 type:androidx.compose.ui.geometry.Rect
            VALUE_PARAMETER kind:Regular name:$completion index:2 type:kotlin.coroutines.Continuation<com.ruviapps.shared.composecoachmark.coachmark.core.CoachKt.Coach.<no name provided>>?
            BLOCK_BODY
              SET_FIELD 'FIELD FIELD_FOR_CAPTURED_VALUE name:$revealEffect type:com.ruviapps.shared.composecoachmark.coachmark.core.RevealEffect visibility:public/*package*/ [final] declared in com.ruviapps.shared.composecoachmark.coachmark.core.CoachKt.Coach.<no name provided>' type=kotlin.Unit origin=INITIALIZER_OF_FIELD_FOR_CAPTURED_VALUE
                receiver: GET_VAR '<this>: com.ruviapps.shared.composecoachmark.coachmark.core.CoachKt.Coach.<no name provided> declared in com.ruviapps.shared.composecoachmark.coachmark.core.CoachKt.Coach.<no name provided>' type=com.ruviapps.shared.composecoachmark.coachmark.core.CoachKt.Coach.<no name provided> origin=null
                value: GET_VAR '$revealEffect: com.ruviapps.shared.composecoachmark.coachmark.core.RevealEffect declared in com.ruviapps.shared.composecoachmark.coachmark.core.CoachKt.Coach.<no name provided>.<init>' type=com.ruviapps.shared.composecoachmark.coachmark.core.RevealEffect origin=null
              SET_FIELD 'FIELD FIELD_FOR_CAPTURED_VALUE name:$bounds type:androidx.compose.ui.geometry.Rect visibility:public/*package*/ [final] declared in com.ruviapps.shared.composecoachmark.coachmark.core.CoachKt.Coach.<no name provided>' type=kotlin.Unit origin=INITIALIZER_OF_FIELD_FOR_CAPTURED_VALUE
                receiver: GET_VAR '<this>: com.ruviapps.shared.composecoachmark.coachmark.core.CoachKt.Coach.<no name provided> declared in com.ruviapps.shared.composecoachmark.coachmark.core.CoachKt.Coach.<no name provided>' type=com.ruviapps.shared.composecoachmark.coachmark.core.CoachKt.Coach.<no name provided> origin=null
                value: GET_VAR '$bounds: androidx.compose.ui.geometry.Rect declared in com.ruviapps.shared.composecoachmark.coachmark.core.CoachKt.Coach.<no name provided>.<init>' type=androidx.compose.ui.geometry.Rect origin=null
              DELEGATING_CONSTRUCTOR_CALL 'public constructor <init> (arity: kotlin.Int, $completion: kotlin.coroutines.Continuation<kotlin.Any?>?) declared in kotlin.coroutines.jvm.internal.SuspendLambda'
                ARG arity: CONST Int type=kotlin.Int value=2
                ARG $completion: GET_VAR '$completion: kotlin.coroutines.Continuation<com.ruviapps.shared.composecoachmark.coachmark.core.CoachKt.Coach.<no name provided>>? declared in com.ruviapps.shared.composecoachmark.coachmark.core.CoachKt.Coach.<no name provided>.<init>' type=kotlin.coroutines.Continuation<com.ruviapps.shared.composecoachmark.coachmark.core.CoachKt.Coach.<no name provided>>? origin=null
              BLOCK type=kotlin.Unit origin=null
          FUN name:invokeSuspend visibility:public modality:FINAL returnType:kotlin.Any?
            VALUE_PARAMETER INSTANCE_RECEIVER kind:DispatchReceiver name:<this> index:0 type:com.ruviapps.shared.composecoachmark.coachmark.core.CoachKt.Coach.<no name provided>
            VALUE_PARAMETER kind:Regular name:$result index:1 type:kotlin.Result<kotlin.Any?>
            overridden:
              protected abstract fun invokeSuspend ($result: kotlin.Result<kotlin.Any?>): kotlin.Any? declared in kotlin.coroutines.jvm.internal.SuspendLambda
            BLOCK_BODY
              CALL 'public abstract fun enterAnimation (targetBounds: androidx.compose.ui.geometry.Rect, $completion: kotlin.coroutines.Continuation<kotlin.Unit>): kotlin.Any? [suspend] declared in com.ruviapps.shared.composecoachmark.coachmark.core.RevealEffect' type=kotlin.Unit origin=null
                ARG <this>: GET_FIELD 'FIELD FIELD_FOR_CAPTURED_VALUE name:$revealEffect type:com.ruviapps.shared.composecoachmark.coachmark.core.RevealEffect visibility:public/*package*/ [final] declared in com.ruviapps.shared.composecoachmark.coachmark.core.CoachKt.Coach.<no name provided>' type=com.ruviapps.shared.composecoachmark.coachmark.core.RevealEffect origin=null
                  receiver: GET_VAR '<this>: com.ruviapps.shared.composecoachmark.coachmark.core.CoachKt.Coach.<no name provided> declared in com.ruviapps.shared.composecoachmark.coachmark.core.CoachKt.Coach.<no name provided>.invokeSuspend' type=com.ruviapps.shared.composecoachmark.coachmark.core.CoachKt.Coach.<no name provided> origin=null
                ARG targetBounds: GET_FIELD 'FIELD FIELD_FOR_CAPTURED_VALUE name:$bounds type:androidx.compose.ui.geometry.Rect visibility:public/*package*/ [final] declared in com.ruviapps.shared.composecoachmark.coachmark.core.CoachKt.Coach.<no name provided>' type=androidx.compose.ui.geometry.Rect origin=null
                  receiver: GET_VAR '<this>: com.ruviapps.shared.composecoachmark.coachmark.core.CoachKt.Coach.<no name provided> declared in com.ruviapps.shared.composecoachmark.coachmark.core.CoachKt.Coach.<no name provided>.invokeSuspend' type=com.ruviapps.shared.composecoachmark.coachmark.core.CoachKt.Coach.<no name provided> origin=null
                ARG $completion: GET_VAR '<this>: com.ruviapps.shared.composecoachmark.coachmark.core.CoachKt.Coach.<no name provided> declared in com.ruviapps.shared.composecoachmark.coachmark.core.CoachKt.Coach.<no name provided>.invokeSuspend' type=com.ruviapps.shared.composecoachmark.coachmark.core.CoachKt.Coach.<no name provided> origin=null
          FUN name:create visibility:public modality:FINAL returnType:kotlin.coroutines.Continuation<kotlin.Unit>
            VALUE_PARAMETER INSTANCE_RECEIVER kind:DispatchReceiver name:<this> index:0 type:com.ruviapps.shared.composecoachmark.coachmark.core.CoachKt.Coach.<no name provided>
            VALUE_PARAMETER kind:Regular name:value index:1 type:kotlin.Any?
            VALUE_PARAMETER kind:Regular name:$completion index:2 type:kotlin.coroutines.Continuation<kotlin.Nothing>
            overridden:
              public open fun create (value: kotlin.Any?, $completion: kotlin.coroutines.Continuation<kotlin.Nothing>): kotlin.coroutines.Continuation<kotlin.Unit> declared in kotlin.coroutines.jvm.internal.SuspendLambda
            BLOCK_BODY
              RETURN type=kotlin.Nothing from='public final fun create (value: kotlin.Any?, $completion: kotlin.coroutines.Continuation<kotlin.Nothing>): kotlin.coroutines.Continuation<kotlin.Unit> declared in com.ruviapps.shared.composecoachmark.coachmark.core.CoachKt.Coach.<no name provided>'
                CONSTRUCTOR_CALL 'public/*package*/ constructor <init> ($revealEffect: com.ruviapps.shared.composecoachmark.coachmark.core.RevealEffect, $bounds: androidx.compose.ui.geometry.Rect, $completion: kotlin.coroutines.Continuation<com.ruviapps.shared.composecoachmark.coachmark.core.CoachKt.Coach.<no name provided>>?) [primary] declared in com.ruviapps.shared.composecoachmark.coachmark.core.CoachKt.Coach.<no name provided>' type=com.ruviapps.shared.composecoachmark.coachmark.core.CoachKt.Coach.<no name provided> origin=null
                  ARG $revealEffect: GET_FIELD 'FIELD FIELD_FOR_CAPTURED_VALUE name:$revealEffect type:com.ruviapps.shared.composecoachmark.coachmark.core.RevealEffect visibility:public/*package*/ [final] declared in com.ruviapps.shared.composecoachmark.coachmark.core.CoachKt.Coach.<no name provided>' type=com.ruviapps.shared.composecoachmark.coachmark.core.RevealEffect origin=null
                    receiver: GET_VAR '<this>: com.ruviapps.shared.composecoachmark.coachmark.core.CoachKt.Coach.<no name provided> declared in com.ruviapps.shared.composecoachmark.coachmark.core.CoachKt.Coach.<no name provided>.create' type=com.ruviapps.shared.composecoachmark.coachmark.core.CoachKt.Coach.<no name provided> origin=null
                  ARG $bounds: GET_FIELD 'FIELD FIELD_FOR_CAPTURED_VALUE name:$bounds type:androidx.compose.ui.geometry.Rect visibility:public/*package*/ [final] declared in com.ruviapps.shared.composecoachmark.coachmark.core.CoachKt.Coach.<no name provided>' type=androidx.compose.ui.geometry.Rect origin=null
                    receiver: GET_VAR '<this>: com.ruviapps.shared.composecoachmark.coachmark.core.CoachKt.Coach.<no name provided> declared in com.ruviapps.shared.composecoachmark.coachmark.core.CoachKt.Coach.<no name provided>.create' type=com.ruviapps.shared.composecoachmark.coachmark.core.CoachKt.Coach.<no name provided> origin=null
                  ARG $completion: GET_VAR '$completion: kotlin.coroutines.Continuation<kotlin.Nothing> declared in com.ruviapps.shared.composecoachmark.coachmark.core.CoachKt.Coach.<no name provided>.create' type=kotlin.coroutines.Continuation<kotlin.Nothing> origin=null
          FUN name:invoke visibility:public modality:FINAL returnType:kotlin.Any?
            VALUE_PARAMETER INSTANCE_RECEIVER kind:DispatchReceiver name:<this> index:0 type:com.ruviapps.shared.composecoachmark.coachmark.core.CoachKt.Coach.<no name provided>
            VALUE_PARAMETER kind:Regular name:p1 index:1 type:kotlinx.coroutines.CoroutineScope
            VALUE_PARAMETER kind:Regular name:p2 index:2 type:kotlin.coroutines.Continuation<kotlin.Unit>?
            overridden:
              public abstract fun invoke (p1: P1 of kotlin.jvm.functions.Function2, p2: P2 of kotlin.jvm.functions.Function2): R of kotlin.jvm.functions.Function2 declared in kotlin.jvm.functions.Function2
            BLOCK_BODY
              RETURN type=kotlin.Nothing from='public final fun invoke (p1: kotlinx.coroutines.CoroutineScope, p2: kotlin.coroutines.Continuation<kotlin.Unit>?): kotlin.Any? declared in com.ruviapps.shared.composecoachmark.coachmark.core.CoachKt.Coach.<no name provided>'
                CALL 'public final fun invokeSuspend ($result: kotlin.Result<kotlin.Any?>): kotlin.Any? declared in com.ruviapps.shared.composecoachmark.coachmark.core.CoachKt.Coach.<no name provided>' type=kotlin.Any? origin=null
                  ARG <this>: TYPE_OP type=com.ruviapps.shared.composecoachmark.coachmark.core.CoachKt.Coach.<no name provided> origin=IMPLICIT_CAST typeOperand=com.ruviapps.shared.composecoachmark.coachmark.core.CoachKt.Coach.<no name provided>
                    CALL 'public final fun create (value: kotlin.Any?, $completion: kotlin.coroutines.Continuation<kotlin.Nothing>): kotlin.coroutines.Continuation<kotlin.Unit> declared in com.ruviapps.shared.composecoachmark.coachmark.core.CoachKt.Coach.<no name provided>' type=kotlin.coroutines.Continuation<kotlin.Unit> origin=null
                      ARG <this>: GET_VAR '<this>: com.ruviapps.shared.composecoachmark.coachmark.core.CoachKt.Coach.<no name provided> declared in com.ruviapps.shared.composecoachmark.coachmark.core.CoachKt.Coach.<no name provided>.invoke' type=com.ruviapps.shared.composecoachmark.coachmark.core.CoachKt.Coach.<no name provided> origin=null
                      ARG value: GET_VAR 'p1: kotlinx.coroutines.CoroutineScope declared in com.ruviapps.shared.composecoachmark.coachmark.core.CoachKt.Coach.<no name provided>.invoke' type=kotlinx.coroutines.CoroutineScope origin=null
                      ARG $completion: GET_VAR 'p2: kotlin.coroutines.Continuation<kotlin.Unit>? declared in com.ruviapps.shared.composecoachmark.coachmark.core.CoachKt.Coach.<no name provided>.invoke' type=kotlin.coroutines.Continuation<kotlin.Unit>? origin=null
                  ARG $result: CALL 'public final fun <unsafe-coerce> <T, R> (v: T of kotlin.jvm.internal.<unsafe-coerce>): R of kotlin.jvm.internal.<unsafe-coerce> declared in kotlin.jvm.internal' type=kotlin.Result<kotlin.Any?> origin=null
                    TYPE_ARG T: kotlin.Any?
                    TYPE_ARG R: kotlin.Result<kotlin.Any?>
                    ARG v: GET_FIELD 'FIELD FIELD_FOR_OBJECT_INSTANCE name:INSTANCE type:kotlin.Unit visibility:public [final,static] declared in kotlin.Unit' type=kotlin.Unit origin=null
          FIELD FIELD_FOR_CAPTURED_VALUE name:$revealEffect type:com.ruviapps.shared.composecoachmark.coachmark.core.RevealEffect visibility:public/*package*/ [final]
          FIELD FIELD_FOR_CAPTURED_VALUE name:$bounds type:androidx.compose.ui.geometry.Rect visibility:public/*package*/ [final]
          FUN BRIDGE name:invoke visibility:public modality:OPEN returnType:kotlin.Any?
            VALUE_PARAMETER INSTANCE_RECEIVER kind:DispatchReceiver name:<this> index:0 type:com.ruviapps.shared.composecoachmark.coachmark.core.CoachKt.Coach.<no name provided>
            VALUE_PARAMETER BRIDGE kind:Regular name:p1 index:1 type:kotlin.Any?
            VALUE_PARAMETER BRIDGE kind:Regular name:p2 index:2 type:kotlin.Any?
            EXPRESSION_BODY
              RETURN type=kotlin.Nothing from='public open fun invoke (p1: kotlin.Any?, p2: kotlin.Any?): kotlin.Any? declared in com.ruviapps.shared.composecoachmark.coachmark.core.CoachKt.Coach.<no name provided>'
                CALL 'public final fun invoke (p1: kotlinx.coroutines.CoroutineScope, p2: kotlin.coroutines.Continuation<kotlin.Unit>?): kotlin.Any? declared in com.ruviapps.shared.composecoachmark.coachmark.core.CoachKt.Coach.<no name provided>' type=kotlin.Any? origin=BRIDGE_DELEGATION
                  ARG <this>: GET_VAR '<this>: com.ruviapps.shared.composecoachmark.coachmark.core.CoachKt.Coach.<no name provided> declared in com.ruviapps.shared.composecoachmark.coachmark.core.CoachKt.Coach.<no name provided>.invoke' type=com.ruviapps.shared.composecoachmark.coachmark.core.CoachKt.Coach.<no name provided> origin=null
                  ARG p1: TYPE_OP type=kotlinx.coroutines.CoroutineScope origin=IMPLICIT_CAST typeOperand=kotlinx.coroutines.CoroutineScope
                    GET_VAR 'p1: kotlin.Any? declared in com.ruviapps.shared.composecoachmark.coachmark.core.CoachKt.Coach.<no name provided>.invoke' type=kotlin.Any? origin=null
                  ARG p2: TYPE_OP type=kotlin.coroutines.Continuation<*> origin=IMPLICIT_CAST typeOperand=kotlin.coroutines.Continuation<*>
                    GET_VAR 'p2: kotlin.Any? declared in com.ruviapps.shared.composecoachmark.coachmark.core.CoachKt.Coach.<no name provided>.invoke' type=kotlin.Any? origin=null
        CONSTRUCTOR_CALL 'public/*package*/ constructor <init> ($revealEffect: com.ruviapps.shared.composecoachmark.coachmark.core.RevealEffect, $bounds: androidx.compose.ui.geometry.Rect, $completion: kotlin.coroutines.Continuation<com.ruviapps.shared.composecoachmark.coachmark.core.CoachKt.Coach.<no name provided>>?) [primary] declared in com.ruviapps.shared.composecoachmark.coachmark.core.CoachKt.Coach.<no name provided>' type=com.ruviapps.shared.composecoachmark.coachmark.core.CoachKt.Coach.<no name provided> origin=null
          ARG $revealEffect: GET_VAR 'revealEffect: com.ruviapps.shared.composecoachmark.coachmark.core.RevealEffect declared in com.ruviapps.shared.composecoachmark.coachmark.core.CoachKt.Coach' type=com.ruviapps.shared.composecoachmark.coachmark.core.RevealEffect origin=null
          ARG $bounds: GET_VAR 'val bounds: androidx.compose.ui.geometry.Rect [val] declared in com.ruviapps.shared.composecoachmark.coachmark.core.CoachKt.Coach' type=androidx.compose.ui.geometry.Rect origin=null
          ARG $completion: CONST Null type=kotlin.Nothing? value=null
    CALL 'public final fun Surface-PPo6-fI$default (modifier: androidx.compose.ui.Modifier?, shape: androidx.compose.ui.graphics.Shape?, $v$c$androidx-compose-ui-graphics-Color$-color$0: androidx.compose.ui.graphics.Color, $v$c$androidx-compose-ui-graphics-Color$-contentColor$0: androidx.compose.ui.graphics.Color, $v$c$androidx-compose-ui-unit-Dp$-tonalElevation$0: androidx.compose.ui.unit.Dp, $v$c$androidx-compose-ui-unit-Dp$-shadowElevation$0: androidx.compose.ui.unit.Dp, border: androidx.compose.foundation.BorderStroke?, content: @[Composable] kotlin.Function0<kotlin.Unit>, $mask0: kotlin.Int, $handler: kotlin.Any?): kotlin.Unit declared in androidx.compose.material3.SurfaceKt' type=kotlin.Unit origin=DEFAULT_DISPATCH_CALL
      ARG modifier: CALL 'public final fun graphicsLayer-_6ThJ44$default ($this$graphicsLayer: androidx.compose.ui.Modifier, scaleX: kotlin.Float, scaleY: kotlin.Float, alpha: kotlin.Float, translationX: kotlin.Float, translationY: kotlin.Float, shadowElevation: kotlin.Float, rotationX: kotlin.Float, rotationY: kotlin.Float, rotationZ: kotlin.Float, cameraDistance: kotlin.Float, $v$c$androidx-compose-ui-graphics-TransformOrigin$-transformOrigin$0: androidx.compose.ui.graphics.TransformOrigin, shape: androidx.compose.ui.graphics.Shape?, clip: kotlin.Boolean, renderEffect: androidx.compose.ui.graphics.RenderEffect?, $v$c$androidx-compose-ui-graphics-Color$-ambientShadowColor$0: androidx.compose.ui.graphics.Color, $v$c$androidx-compose-ui-graphics-Color$-spotShadowColor$0: androidx.compose.ui.graphics.Color, $v$c$androidx-compose-ui-graphics-CompositingStrategy$-compositingStrategy$0: androidx.compose.ui.graphics.CompositingStrategy, $v$c$androidx-compose-ui-graphics-BlendMode$-blendMode$0: androidx.compose.ui.graphics.BlendMode, colorFilter: androidx.compose.ui.graphics.ColorFilter?, $mask0: kotlin.Int, $handler: kotlin.Any?): androidx.compose.ui.Modifier declared in androidx.compose.ui.graphics.GraphicsLayerModifierKt' type=androidx.compose.ui.Modifier origin=DEFAULT_DISPATCH_CALL
        ARG $this$graphicsLayer: CALL 'public final fun fillMaxSize$default (<this>: androidx.compose.ui.Modifier, fraction: kotlin.Float, $mask0: kotlin.Int, $handler: kotlin.Any?): androidx.compose.ui.Modifier declared in androidx.compose.foundation.layout.SizeKt' type=androidx.compose.ui.Modifier origin=DEFAULT_DISPATCH_CALL
          ARG <this>: GET_FIELD 'FIELD FIELD_FOR_OBJECT_INSTANCE name:Companion type:androidx.compose.ui.Modifier.Companion visibility:public [final,static] declared in androidx.compose.ui.Modifier' type=androidx.compose.ui.Modifier.Companion origin=null
          ARG fraction: COMPOSITE type=kotlin.Float origin=DEFAULT_VALUE
            CONST Float type=kotlin.Float value=0.0
          ARG $mask0: CONST Int type=kotlin.Int value=1
          ARG $handler: CONST Null type=kotlin.Any? value=null
        ARG scaleX: COMPOSITE type=kotlin.Float origin=DEFAULT_VALUE
          CONST Float type=kotlin.Float value=0.0
        ARG scaleY: COMPOSITE type=kotlin.Float origin=DEFAULT_VALUE
          CONST Float type=kotlin.Float value=0.0
        ARG alpha: COMPOSITE type=kotlin.Float origin=DEFAULT_VALUE
          CONST Float type=kotlin.Float value=0.0
        ARG translationX: COMPOSITE type=kotlin.Float origin=DEFAULT_VALUE
          CONST Float type=kotlin.Float value=0.0
        ARG translationY: COMPOSITE type=kotlin.Float origin=DEFAULT_VALUE
          CONST Float type=kotlin.Float value=0.0
        ARG shadowElevation: COMPOSITE type=kotlin.Float origin=DEFAULT_VALUE
          CONST Float type=kotlin.Float value=0.0
        ARG rotationX: COMPOSITE type=kotlin.Float origin=DEFAULT_VALUE
          CONST Float type=kotlin.Float value=0.0
        ARG rotationY: COMPOSITE type=kotlin.Float origin=DEFAULT_VALUE
          CONST Float type=kotlin.Float value=0.0
        ARG rotationZ: COMPOSITE type=kotlin.Float origin=DEFAULT_VALUE
          CONST Float type=kotlin.Float value=0.0
        ARG cameraDistance: COMPOSITE type=kotlin.Float origin=DEFAULT_VALUE
          CONST Float type=kotlin.Float value=0.0
        ARG $v$c$androidx-compose-ui-graphics-TransformOrigin$-transformOrigin$0: COMPOSITE type=androidx.compose.ui.graphics.TransformOrigin origin=DEFAULT_VALUE
          CALL 'public final fun <unsafe-coerce> <T, R> (v: T of kotlin.jvm.internal.<unsafe-coerce>): R of kotlin.jvm.internal.<unsafe-coerce> declared in kotlin.jvm.internal' type=androidx.compose.ui.graphics.TransformOrigin origin=null
            TYPE_ARG T: kotlin.Long
            TYPE_ARG R: androidx.compose.ui.graphics.TransformOrigin
            ARG v: CONST Long type=kotlin.Long value=0
        ARG shape: COMPOSITE type=androidx.compose.ui.graphics.Shape? origin=DEFAULT_VALUE
          CONST Null type=androidx.compose.ui.graphics.Shape? value=null
        ARG clip: COMPOSITE type=kotlin.Boolean origin=DEFAULT_VALUE
          CONST Boolean type=kotlin.Boolean value=false
        ARG renderEffect: COMPOSITE type=androidx.compose.ui.graphics.RenderEffect? origin=DEFAULT_VALUE
          CONST Null type=androidx.compose.ui.graphics.RenderEffect? value=null
        ARG $v$c$androidx-compose-ui-graphics-Color$-ambientShadowColor$0: COMPOSITE type=androidx.compose.ui.graphics.Color origin=DEFAULT_VALUE
          CALL 'public final fun <unsafe-coerce> <T, R> (v: T of kotlin.jvm.internal.<unsafe-coerce>): R of kotlin.jvm.internal.<unsafe-coerce> declared in kotlin.jvm.internal' type=androidx.compose.ui.graphics.Color origin=null
            TYPE_ARG T: kotlin.Long
            TYPE_ARG R: androidx.compose.ui.graphics.Color
            ARG v: CONST Long type=kotlin.Long value=0
        ARG $v$c$androidx-compose-ui-graphics-Color$-spotShadowColor$0: COMPOSITE type=androidx.compose.ui.graphics.Color origin=DEFAULT_VALUE
          CALL 'public final fun <unsafe-coerce> <T, R> (v: T of kotlin.jvm.internal.<unsafe-coerce>): R of kotlin.jvm.internal.<unsafe-coerce> declared in kotlin.jvm.internal' type=androidx.compose.ui.graphics.Color origin=null
            TYPE_ARG T: kotlin.Long
            TYPE_ARG R: androidx.compose.ui.graphics.Color
            ARG v: CONST Long type=kotlin.Long value=0
        ARG $v$c$androidx-compose-ui-graphics-CompositingStrategy$-compositingStrategy$0: CALL 'public final fun getOffscreen--NrFUSI (): androidx.compose.ui.graphics.CompositingStrategy declared in androidx.compose.ui.graphics.CompositingStrategy.Companion' type=androidx.compose.ui.graphics.CompositingStrategy origin=GET_PROPERTY
          ARG <this>: GET_FIELD 'FIELD FIELD_FOR_OBJECT_INSTANCE name:Companion type:androidx.compose.ui.graphics.CompositingStrategy.Companion visibility:public [final,static] declared in androidx.compose.ui.graphics.CompositingStrategy' type=androidx.compose.ui.graphics.CompositingStrategy.Companion origin=null
        ARG $v$c$androidx-compose-ui-graphics-BlendMode$-blendMode$0: COMPOSITE type=androidx.compose.ui.graphics.BlendMode origin=DEFAULT_VALUE
          CALL 'public final fun <unsafe-coerce> <T, R> (v: T of kotlin.jvm.internal.<unsafe-coerce>): R of kotlin.jvm.internal.<unsafe-coerce> declared in kotlin.jvm.internal' type=androidx.compose.ui.graphics.BlendMode origin=null
            TYPE_ARG T: kotlin.Int
            TYPE_ARG R: androidx.compose.ui.graphics.BlendMode
            ARG v: CONST Int type=kotlin.Int value=0
        ARG colorFilter: COMPOSITE type=androidx.compose.ui.graphics.ColorFilter? origin=DEFAULT_VALUE
          CONST Null type=androidx.compose.ui.graphics.ColorFilter? value=null
        ARG $mask0: CONST Int type=kotlin.Int value=458751
        ARG $handler: CONST Null type=kotlin.Any? value=null
      ARG shape: COMPOSITE type=androidx.compose.ui.graphics.Shape? origin=DEFAULT_VALUE
        CONST Null type=androidx.compose.ui.graphics.Shape? value=null
      ARG $v$c$androidx-compose-ui-graphics-Color$-color$0: CALL 'public final fun getTransparent-0d7_KjU (): androidx.compose.ui.graphics.Color declared in androidx.compose.ui.graphics.Color.Companion' type=androidx.compose.ui.graphics.Color origin=GET_PROPERTY
        ARG <this>: GET_FIELD 'FIELD FIELD_FOR_OBJECT_INSTANCE name:Companion type:androidx.compose.ui.graphics.Color.Companion visibility:public [final,static] declared in androidx.compose.ui.graphics.Color' type=androidx.compose.ui.graphics.Color.Companion origin=null
      ARG $v$c$androidx-compose-ui-graphics-Color$-contentColor$0: COMPOSITE type=androidx.compose.ui.graphics.Color origin=DEFAULT_VALUE
        CALL 'public final fun <unsafe-coerce> <T, R> (v: T of kotlin.jvm.internal.<unsafe-coerce>): R of kotlin.jvm.internal.<unsafe-coerce> declared in kotlin.jvm.internal' type=androidx.compose.ui.graphics.Color origin=null
          TYPE_ARG T: kotlin.Long
          TYPE_ARG R: androidx.compose.ui.graphics.Color
          ARG v: CONST Long type=kotlin.Long value=0
      ARG $v$c$androidx-compose-ui-unit-Dp$-tonalElevation$0: COMPOSITE type=androidx.compose.ui.unit.Dp origin=DEFAULT_VALUE
        CALL 'public final fun <unsafe-coerce> <T, R> (v: T of kotlin.jvm.internal.<unsafe-coerce>): R of kotlin.jvm.internal.<unsafe-coerce> declared in kotlin.jvm.internal' type=androidx.compose.ui.unit.Dp origin=null
          TYPE_ARG T: kotlin.Float
          TYPE_ARG R: androidx.compose.ui.unit.Dp
          ARG v: CONST Float type=kotlin.Float value=0.0
      ARG $v$c$androidx-compose-ui-unit-Dp$-shadowElevation$0: COMPOSITE type=androidx.compose.ui.unit.Dp origin=DEFAULT_VALUE
        CALL 'public final fun <unsafe-coerce> <T, R> (v: T of kotlin.jvm.internal.<unsafe-coerce>): R of kotlin.jvm.internal.<unsafe-coerce> declared in kotlin.jvm.internal' type=androidx.compose.ui.unit.Dp origin=null
          TYPE_ARG T: kotlin.Float
          TYPE_ARG R: androidx.compose.ui.unit.Dp
          ARG v: CONST Float type=kotlin.Float value=0.0
      ARG border: COMPOSITE type=androidx.compose.foundation.BorderStroke? origin=DEFAULT_VALUE
        CONST Null type=androidx.compose.foundation.BorderStroke? value=null
      ARG content: BLOCK type=kotlin.Function0<kotlin.Unit> origin=LAMBDA
        COMPOSITE type=kotlin.Unit origin=null
        CALL 'public final fun <jvm-indy> <T> (dynamicCall: T of kotlin.jvm.internal.<jvm-indy>, bootstrapMethodHandle: kotlin.Any, vararg bootstrapMethodArguments: kotlin.Any): T of kotlin.jvm.internal.<jvm-indy> declared in kotlin.jvm.internal' type=kotlin.Function0<kotlin.Unit> origin=null
          TYPE_ARG T: kotlin.Function0<kotlin.Unit>
          ARG dynamicCall: CALL 'public final fun invoke (p0: androidx.compose.runtime.MutableState<androidx.compose.ui.geometry.Rect>, p1: kotlin.Boolean, p2: kotlinx.coroutines.CoroutineScope, p3: com.ruviapps.shared.composecoachmark.coachmark.core.RevealEffect, p4: androidx.compose.ui.geometry.Rect, p5: com.ruviapps.shared.composecoachmark.coachmark.core.CoachMarkState, p6: com.ruviapps.shared.composecoachmark.coachmark.core.CoachStyle, p7: androidx.compose.runtime.MutableState<androidx.compose.ui.geometry.Rect>, p8: androidx.compose.ui.Alignment, p9: kotlin.Boolean, p10: @[Composable] @[ExtensionFunctionType] kotlin.Function1<androidx.compose.foundation.layout.BoxWithConstraintsScope, kotlin.Unit>): kotlin.Function0<kotlin.Unit> declared in kotlin.jvm.internal.invokeDynamic' type=kotlin.Function0<kotlin.Unit> origin=null
            ARG p0: GET_VAR 'val targetBoundary$delegate: androidx.compose.runtime.MutableState<androidx.compose.ui.geometry.Rect> [val] declared in com.ruviapps.shared.composecoachmark.coachmark.core.CoachKt.Coach' type=androidx.compose.runtime.MutableState<androidx.compose.ui.geometry.Rect> origin=null
            ARG p1: GET_VAR 'isOutsideClickDismissable: kotlin.Boolean declared in com.ruviapps.shared.composecoachmark.coachmark.core.CoachKt.Coach' type=kotlin.Boolean origin=null
            ARG p2: GET_VAR 'val scope: kotlinx.coroutines.CoroutineScope [val] declared in com.ruviapps.shared.composecoachmark.coachmark.core.CoachKt.Coach' type=kotlinx.coroutines.CoroutineScope origin=null
            ARG p3: GET_VAR 'revealEffect: com.ruviapps.shared.composecoachmark.coachmark.core.RevealEffect declared in com.ruviapps.shared.composecoachmark.coachmark.core.CoachKt.Coach' type=com.ruviapps.shared.composecoachmark.coachmark.core.RevealEffect origin=null
            ARG p4: GET_VAR 'val bounds: androidx.compose.ui.geometry.Rect [val] declared in com.ruviapps.shared.composecoachmark.coachmark.core.CoachKt.Coach' type=androidx.compose.ui.geometry.Rect origin=null
            ARG p5: GET_VAR 'state: com.ruviapps.shared.composecoachmark.coachmark.core.CoachMarkState declared in com.ruviapps.shared.composecoachmark.coachmark.core.CoachKt.Coach' type=com.ruviapps.shared.composecoachmark.coachmark.core.CoachMarkState origin=null
            ARG p6: GET_VAR 'coachStyle: com.ruviapps.shared.composecoachmark.coachmark.core.CoachStyle declared in com.ruviapps.shared.composecoachmark.coachmark.core.CoachKt.Coach' type=com.ruviapps.shared.composecoachmark.coachmark.core.CoachStyle origin=null
            ARG p7: GET_VAR 'val scrimBoundary$delegate: androidx.compose.runtime.MutableState<androidx.compose.ui.geometry.Rect> [val] declared in com.ruviapps.shared.composecoachmark.coachmark.core.CoachKt.Coach' type=androidx.compose.runtime.MutableState<androidx.compose.ui.geometry.Rect> origin=null
            ARG p8: GET_VAR 'alignment: androidx.compose.ui.Alignment declared in com.ruviapps.shared.composecoachmark.coachmark.core.CoachKt.Coach' type=androidx.compose.ui.Alignment origin=null
            ARG p9: GET_VAR 'isForcedAlignment: kotlin.Boolean declared in com.ruviapps.shared.composecoachmark.coachmark.core.CoachKt.Coach' type=kotlin.Boolean origin=null
            ARG p10: GET_VAR 'content: @[Composable] @[ExtensionFunctionType] kotlin.Function1<androidx.compose.foundation.layout.BoxWithConstraintsScope, kotlin.Unit> declared in com.ruviapps.shared.composecoachmark.coachmark.core.CoachKt.Coach' type=@[Composable] @[ExtensionFunctionType] kotlin.Function1<androidx.compose.foundation.layout.BoxWithConstraintsScope, kotlin.Unit> origin=null
          ARG bootstrapMethodHandle: CALL 'public final fun <jvm-method-handle> (tag: kotlin.Int, owner: kotlin.String, name: kotlin.String, descriptor: kotlin.String, isInterface: kotlin.Boolean): kotlin.Any declared in kotlin.jvm.internal' type=kotlin.Any origin=null
            ARG tag: CONST Int type=kotlin.Int value=6
            ARG owner: CONST String type=kotlin.String value="java/lang/invoke/LambdaMetafactory"
            ARG name: CONST String type=kotlin.String value="metafactory"
            ARG descriptor: CONST String type=kotlin.String value="(Ljava/lang/invoke/MethodHandles$Lookup;Ljava/lang/String;Ljava/lang/invoke/MethodType;Ljava/lang/invoke/MethodType;Ljava/lang/invoke/MethodHandle;Ljava/lang/invoke/MethodType;)Ljava/lang/invoke/CallSite;"
            ARG isInterface: CONST Boolean type=kotlin.Boolean value=false
          ARG bootstrapMethodArguments: VARARG type=kotlin.Array<kotlin.Any> varargElementType=kotlin.Any
            CALL 'public final fun <jvm-original-method-type> (method: kotlin.Any): kotlin.Any declared in kotlin.jvm.internal' type=kotlin.Any origin=null
              ARG method: RAW_FUNCTION_REFERENCE 'public abstract fun invoke (): R of kotlin.Function0 [operator] declared in kotlin.Function0' type=kotlin.Any
            RAW_FUNCTION_REFERENCE 'private final fun Coach$lambda$6 ($targetBoundary$delegate: androidx.compose.runtime.MutableState<androidx.compose.ui.geometry.Rect>, $isOutsideClickDismissable: kotlin.Boolean, $scope: kotlinx.coroutines.CoroutineScope, $revealEffect: com.ruviapps.shared.composecoachmark.coachmark.core.RevealEffect, $bounds: androidx.compose.ui.geometry.Rect, $state: com.ruviapps.shared.composecoachmark.coachmark.core.CoachMarkState, $coachStyle: com.ruviapps.shared.composecoachmark.coachmark.core.CoachStyle, $scrimBoundary$delegate: androidx.compose.runtime.MutableState<androidx.compose.ui.geometry.Rect>, $alignment: androidx.compose.ui.Alignment, $isForcedAlignment: kotlin.Boolean, $content: @[Composable] @[ExtensionFunctionType] kotlin.Function1<androidx.compose.foundation.layout.BoxWithConstraintsScope, kotlin.Unit>): kotlin.Unit? declared in com.ruviapps.shared.composecoachmark.coachmark.core.CoachKt' type=kotlin.Any
            CALL 'public final fun <jvm-original-method-type> (method: kotlin.Any): kotlin.Any declared in kotlin.jvm.internal' type=kotlin.Any origin=null
              ARG method: RAW_FUNCTION_REFERENCE 'public abstract fun invoke (): kotlin.Unit? [fake_override,operator] declared in kotlin.jvm.internal.invokeDynamic.<fake>' type=kotlin.Any
      ARG $mask0: CONST Int type=kotlin.Int value=122
      ARG $handler: CONST Null type=kotlin.Any? value=null

	at org.jetbrains.kotlin.backend.jvm.codegen.FunctionCodegen.generate(FunctionCodegen.kt:53)
	at org.jetbrains.kotlin.backend.jvm.codegen.FunctionCodegen.generate$default(FunctionCodegen.kt:46)
	at org.jetbrains.kotlin.backend.jvm.codegen.ClassCodegen.generateMethodNode(ClassCodegen.kt:422)
	at org.jetbrains.kotlin.backend.jvm.codegen.ClassCodegen.generateMethod(ClassCodegen.kt:439)
	at org.jetbrains.kotlin.backend.jvm.codegen.ClassCodegen.generate(ClassCodegen.kt:164)
	at org.jetbrains.kotlin.backend.jvm.JvmIrCodegenFactory.generateFile(JvmIrCodegenFactory.kt:446)
	at org.jetbrains.kotlin.backend.jvm.JvmIrCodegenFactory.invokeCodegen(JvmIrCodegenFactory.kt:413)
	at org.jetbrains.kotlin.cli.jvm.compiler.KotlinToJVMBytecodeCompiler.runCodegen$cli(KotlinToJVMBytecodeCompiler.kt:425)
	at org.jetbrains.kotlin.cli.pipeline.jvm.JvmBackendPipelinePhase.executePhase(JvmBackendPipelinePhase.kt:89)
	at org.jetbrains.kotlin.cli.pipeline.jvm.JvmBackendPipelinePhase.executePhase(JvmBackendPipelinePhase.kt:27)
	at org.jetbrains.kotlin.cli.pipeline.PipelinePhase.phaseBody(PipelinePhase.kt:68)
	at org.jetbrains.kotlin.cli.pipeline.PipelinePhase.phaseBody(PipelinePhase.kt:58)
	at org.jetbrains.kotlin.config.phaser.NamedCompilerPhase.invoke(CompilerPhase.kt:102)
	at org.jetbrains.kotlin.backend.common.phaser.CompositePhase.invoke(PhaseBuilders.kt:22)
	at org.jetbrains.kotlin.config.phaser.CompilerPhaseKt.invokeToplevel(CompilerPhase.kt:53)
	at org.jetbrains.kotlin.cli.pipeline.AbstractCliPipeline.runPhasedPipeline(AbstractCliPipeline.kt:109)
	at org.jetbrains.kotlin.cli.pipeline.AbstractCliPipeline.execute(AbstractCliPipeline.kt:68)
	at org.jetbrains.kotlin.cli.jvm.K2JVMCompiler.doExecutePhased(K2JVMCompiler.kt:79)
	at org.jetbrains.kotlin.cli.jvm.K2JVMCompiler.doExecutePhased(K2JVMCompiler.kt:45)
	at org.jetbrains.kotlin.cli.common.CLICompiler.execImpl(CLICompiler.kt:90)
	at org.jetbrains.kotlin.cli.common.CLICompiler.exec(CLICompiler.kt:352)
	at org.jetbrains.kotlin.incremental.IncrementalJvmCompilerRunnerBase.runCompiler(IncrementalJvmCompilerRunnerBase.kt:176)
	at org.jetbrains.kotlin.incremental.IncrementalJvmCompilerRunnerBase.runCompiler(IncrementalJvmCompilerRunnerBase.kt:39)
	at org.jetbrains.kotlin.incremental.IncrementalCompilerRunner.doCompile(IncrementalCompilerRunner.kt:499)
	at org.jetbrains.kotlin.incremental.IncrementalCompilerRunner.compileImpl(IncrementalCompilerRunner.kt:416)
	at org.jetbrains.kotlin.incremental.IncrementalCompilerRunner.compileNonIncrementally(IncrementalCompilerRunner.kt:301)
	at org.jetbrains.kotlin.incremental.IncrementalCompilerRunner.compile(IncrementalCompilerRunner.kt:128)
	at org.jetbrains.kotlin.daemon.CompileServiceImplBase.execIncrementalCompiler(CompileServiceImpl.kt:684)
	at org.jetbrains.kotlin.daemon.CompileServiceImplBase.access$execIncrementalCompiler(CompileServiceImpl.kt:94)
	at org.jetbrains.kotlin.daemon.CompileServiceImpl.compile(CompileServiceImpl.kt:1810)
	at java.base/jdk.internal.reflect.DirectMethodHandleAccessor.invoke(Unknown Source)
	at java.base/java.lang.reflect.Method.invoke(Unknown Source)
	at java.rmi/sun.rmi.server.UnicastServerRef.dispatch(Unknown Source)
	at java.rmi/sun.rmi.transport.Transport$1.run(Unknown Source)
	at java.rmi/sun.rmi.transport.Transport$1.run(Unknown Source)
	at java.base/java.security.AccessController.doPrivileged(Unknown Source)
	at java.rmi/sun.rmi.transport.Transport.serviceCall(Unknown Source)
	at java.rmi/sun.rmi.transport.tcp.TCPTransport.handleMessages(Unknown Source)
	at java.rmi/sun.rmi.transport.tcp.TCPTransport$ConnectionHandler.run0(Unknown Source)
	at java.rmi/sun.rmi.transport.tcp.TCPTransport$ConnectionHandler.lambda$run$0(Unknown Source)
	at java.base/java.security.AccessController.doPrivileged(Unknown Source)
	at java.rmi/sun.rmi.transport.tcp.TCPTransport$ConnectionHandler.run(Unknown Source)
	at java.base/java.util.concurrent.ThreadPoolExecutor.runWorker(Unknown Source)
	at java.base/java.util.concurrent.ThreadPoolExecutor$Worker.run(Unknown Source)
	at java.base/java.lang.Thread.run(Unknown Source)
Caused by: org.jetbrains.kotlin.codegen.CompilationException: Back-end (JVM) Internal error: Couldn't inline method call: CALL 'public final fun rememberCoroutineScope$default (getContext: @[DisallowComposableCalls] kotlin.Function0<kotlin.coroutines.CoroutineContext>?, $mask0: kotlin.Int, $handler: kotlin.Any?): kotlinx.coroutines.CoroutineScope [inline] declared in androidx.compose.runtime.EffectsKt' type=kotlinx.coroutines.CoroutineScope origin=DEFAULT_DISPATCH_CALL
Method: null
File is unknown
The root cause java.lang.IllegalStateException was thrown at: org.jetbrains.kotlin.codegen.inline.SourceCompilerForInlineKt.getMethodNode(SourceCompilerForInline.kt:129)
	at org.jetbrains.kotlin.backend.jvm.codegen.IrInlineCodegen.genInlineCall(IrInlineCodegen.kt:82)
	at org.jetbrains.kotlin.backend.jvm.codegen.IrInlineCallGenerator.genCall(IrInlineCallGenerator.kt:36)
	at org.jetbrains.kotlin.backend.jvm.codegen.ExpressionCodegen.visitCall(ExpressionCodegen.kt:589)
	at org.jetbrains.kotlin.backend.jvm.codegen.ExpressionCodegen.visitCall(ExpressionCodegen.kt:134)
	at org.jetbrains.kotlin.ir.expressions.IrCall.accept(IrCall.kt:24)
	at org.jetbrains.kotlin.backend.jvm.codegen.ExpressionCodegen.visitVariable(ExpressionCodegen.kt:729)
	at org.jetbrains.kotlin.backend.jvm.codegen.ExpressionCodegen.visitVariable(ExpressionCodegen.kt:134)
	at org.jetbrains.kotlin.ir.declarations.IrVariable.accept(IrVariable.kt:36)
	at org.jetbrains.kotlin.backend.jvm.codegen.ExpressionCodegen.visitStatementContainer(ExpressionCodegen.kt:530)
	at org.jetbrains.kotlin.backend.jvm.codegen.ExpressionCodegen.visitBlockBody(ExpressionCodegen.kt:535)
	at org.jetbrains.kotlin.backend.jvm.codegen.ExpressionCodegen.visitBlockBody(ExpressionCodegen.kt:134)
	at org.jetbrains.kotlin.ir.expressions.IrBlockBody.accept(IrBlockBody.kt:20)
	at org.jetbrains.kotlin.backend.jvm.codegen.ExpressionCodegen.generate(ExpressionCodegen.kt:232)
	at org.jetbrains.kotlin.backend.jvm.codegen.FunctionCodegen.doGenerate(FunctionCodegen.kt:129)
	at org.jetbrains.kotlin.backend.jvm.codegen.FunctionCodegen.generate(FunctionCodegen.kt:50)
	... 44 more
Caused by: java.lang.IllegalStateException: couldn't find inline method Landroidx/compose/runtime/EffectsKt;.rememberCoroutineScope$default(Lkotlin/jvm/functions/Function0;ILjava/lang/Object;)Lkotlinx/coroutines/CoroutineScope;
	at org.jetbrains.kotlin.codegen.inline.SourceCompilerForInlineKt.getMethodNode(SourceCompilerForInline.kt:129)
	at org.jetbrains.kotlin.codegen.inline.SourceCompilerForInlineKt.loadCompiledInlineFunction$lambda$0(SourceCompilerForInline.kt:98)
	at org.jetbrains.kotlin.codegen.inline.InlineCache.computeMethodBytes(InlineCache.kt:90)
	at org.jetbrains.kotlin.codegen.inline.SourceCompilerForInlineKt.loadCompiledInlineFunction(SourceCompilerForInline.kt:93)
	at org.jetbrains.kotlin.backend.jvm.codegen.IrSourceCompilerForInline.compileInlineFunction(IrSourceCompilerForInline.kt:96)
	at org.jetbrains.kotlin.backend.jvm.codegen.IrInlineCodegen.genInlineCall(IrInlineCodegen.kt:65)
	... 58 more


